<?xml version="1.0" encoding="UTF-8"?>
<!-- Generated by org.testng.reporters.JUnitXMLReporter -->
<testsuite hostname="DERIW42SLPC1327" ignored="1" name="Test" tests="5" failures="0" timestamp="10 Mar 2020 06:58:36 GMT" time="32.157" errors="0">
  <testcase name="verifyAutomationlink" time="2.183" classname="com.tricentis.automation.scripts.fieldVerification.HomePageTests"/>
  <testcase name="verifyCamperlink" time="0.002" classname="com.tricentis.automation.scripts.fieldVerification.HomePageTests"/>
  <testcase name="verifyMotorCyclelink" time="0.014" classname="com.tricentis.automation.scripts.fieldVerification.HomePageTests"/>
  <testcase name="verifyTrucklink" time="0.006" classname="com.tricentis.automation.scripts.fieldVerification.HomePageTests"/>
  <testcase name="verifyEnginePerformanceInputbox" time="2.958" classname="com.tricentis.automation.scripts.fieldVerification.Automobile_EnterVehicleDataPageTests"/>
  <testcase name="@BeforeSuite suiteInitializer" time="0.0" classname="com.tricentis.automation.driver.Driver">
    <ignored/>
  </testcase> <!-- @BeforeSuite suiteInitializer -->
</testsuite> <!-- Test -->
