<?xml version="1.0" encoding="UTF-8"?>
<!-- Generated by org.testng.reporters.JUnitXMLReporter -->
<testsuite hostname="DERIW42SLPC1327" ignored="0" name="Test" tests="4" failures="0" timestamp="06 Mar 2020 17:10:24 GMT" time="35.989" errors="0">
  <testcase name="verifyAutomationlink" time="14.497" classname="com.tricentis.automation.scripts.fieldVerification.HomePageTests"/>
  <testcase name="verifyCamperlink" time="0.001" classname="com.tricentis.automation.scripts.fieldVerification.HomePageTests"/>
  <testcase name="verifyMotorCyclelink" time="0.0" classname="com.tricentis.automation.scripts.fieldVerification.HomePageTests"/>
  <testcase name="verifyTrucklink" time="0.0" classname="com.tricentis.automation.scripts.fieldVerification.HomePageTests"/>
</testsuite> <!-- Test -->
